nohup: ignoring input
test_acc: 0.6015632357095771 train_acc: 0.6104622821350763 test_score: 0.1690686054984799
epoch [1] train_loss: 0.001744 testing_loss: 0.000346 
test_acc: 0.625859308786138 train_acc: 0.7604736860021787 test_score: 0.29934636696341366
epoch [2] train_loss: 0.000790 testing_loss: 0.000343 
test_acc: 0.6335813165081458 train_acc: 0.7961445142293029 test_score: 0.35786185197060316
epoch [3] train_loss: 0.000618 testing_loss: 0.000341 
test_acc: 0.643657594877107 train_acc: 0.8215284586056645 test_score: 0.39128366643608736
epoch [4] train_loss: 0.000527 testing_loss: 0.000340 
test_acc: 0.6535455315943121 train_acc: 0.8462084269471677 test_score: 0.4502283922290361
epoch [5] train_loss: 0.000449 testing_loss: 0.000338 
test_acc: 0.6578773895847067 train_acc: 0.8632126565904139 test_score: 0.47121503443090373
epoch [6] train_loss: 0.000392 testing_loss: 0.000337 
test_acc: 0.6545814106789717 train_acc: 0.8753566261574075 test_score: 0.4657450139494424
epoch [7] train_loss: 0.000356 testing_loss: 0.000337 
test_acc: 0.6503437235144552 train_acc: 0.8887888922930283 test_score: 0.5102847788126564
epoch [8] train_loss: 0.000319 testing_loss: 0.000337 
test_acc: 0.6532630191166776 train_acc: 0.8941637731481481 test_score: 0.48874252696986664
epoch [9] train_loss: 0.000296 testing_loss: 0.000337 
test_acc: 0.6658819097843488 train_acc: 0.902585486451525 test_score: 0.5385074013479538
epoch [10] train_loss: 0.000270 testing_loss: 0.000335 
test_acc: 0.6649402015255674 train_acc: 0.9132060185185185 test_score: 0.5181630169438058
epoch [11] train_loss: 0.000242 testing_loss: 0.000335 
test_acc: 0.6562764855447782 train_acc: 0.9205798100490196 test_score: 0.4973176728032506
epoch [12] train_loss: 0.000222 testing_loss: 0.000336 
test_acc: 0.6649402015255674 train_acc: 0.9263197423066448 test_score: 0.5334914901305405
epoch [13] train_loss: 0.000205 testing_loss: 0.000335 
test_acc: 0.6572181938035596 train_acc: 0.9293606175108933 test_score: 0.501952794239442
epoch [14] train_loss: 0.000199 testing_loss: 0.000336 
test_acc: 0.6676711554760335 train_acc: 0.934920258033769 test_score: 0.5293401421568316
epoch [15] train_loss: 0.000179 testing_loss: 0.000334 
test_acc: 0.6526038233355307 train_acc: 0.9402493106617646 test_score: 0.5130835473159542
epoch [16] train_loss: 0.000168 testing_loss: 0.000336 
test_acc: 0.6502495526885771 train_acc: 0.9430483217592592 test_score: 0.5100160695544301
epoch [17] train_loss: 0.000159 testing_loss: 0.000336 
test_acc: 0.6542047273754591 train_acc: 0.9450231906998912 test_score: 0.5079231658718086
epoch [18] train_loss: 0.000154 testing_loss: 0.000335 
test_acc: 0.6591016103211225 train_acc: 0.9494515505855119 test_score: 0.544476690511677
epoch [19] train_loss: 0.000145 testing_loss: 0.000335 
test_acc: 0.6658819097843488 train_acc: 0.9515150973583879 test_score: 0.5237657819751248
epoch [20] train_loss: 0.000136 testing_loss: 0.000334 
test_acc: 0.658065731236463 train_acc: 0.9534209048202613 test_score: 0.5157421345064478
epoch [21] train_loss: 0.000131 testing_loss: 0.000335 
test_acc: 0.6667294472172521 train_acc: 0.9565158632897603 test_score: 0.5127799819800986
epoch [22] train_loss: 0.000122 testing_loss: 0.000334 
test_acc: 0.6723796967699407 train_acc: 0.9588378267973856 test_score: 0.5177935570243283
epoch [23] train_loss: 0.000113 testing_loss: 0.000333 
test_acc: 0.6696487428194745 train_acc: 0.9583923526007625 test_score: 0.5263598376071474
epoch [24] train_loss: 0.000113 testing_loss: 0.000334 
test_acc: 0.6543930690272154 train_acc: 0.960307181032135 test_score: 0.5043442424035273
epoch [25] train_loss: 0.000110 testing_loss: 0.000335 
test_acc: 0.6614558809680761 train_acc: 0.961898233251634 test_score: 0.524081425308216
epoch [26] train_loss: 0.000108 testing_loss: 0.000334 
test_acc: 0.6557114605895094 train_acc: 0.9629258578431373 test_score: 0.5060146708070226
epoch [27] train_loss: 0.000102 testing_loss: 0.000335 
test_acc: 0.6768998964120916 train_acc: 0.9654130923202614 test_score: 0.5295858503420064
epoch [28] train_loss: 0.000096 testing_loss: 0.000333 
test_acc: 0.6644693473961767 train_acc: 0.9661305147058823 test_score: 0.5411452769376269
epoch [29] train_loss: 0.000093 testing_loss: 0.000334 
test_acc: 0.6613617101421979 train_acc: 0.9665166292211329 test_score: 0.5159350459413405
epoch [30] train_loss: 0.000092 testing_loss: 0.000334 
test_acc: 0.6591957811470006 train_acc: 0.9682346132897603 test_score: 0.5180504260073382
epoch [31] train_loss: 0.000089 testing_loss: 0.000334 
test_acc: 0.6652227140032018 train_acc: 0.9704747072440086 test_score: 0.5206601972320531
epoch [32] train_loss: 0.000083 testing_loss: 0.000334 
test_acc: 0.6714379885111592 train_acc: 0.9704536866830066 test_score: 0.5458858166872105
epoch [33] train_loss: 0.000084 testing_loss: 0.000333 
test_acc: 0.6671061305207646 train_acc: 0.9702057802287581 test_score: 0.5247377878460574
epoch [34] train_loss: 0.000082 testing_loss: 0.000334 
test_acc: 0.6796308503625577 train_acc: 0.9703244570397603 test_score: 0.5469269748326344
epoch [35] train_loss: 0.000082 testing_loss: 0.000333 
test_acc: 0.6622092475751012 train_acc: 0.9726366761982571 test_score: 0.5297464792440525
epoch [36] train_loss: 0.000076 testing_loss: 0.000334 
test_acc: 0.660043318579904 train_acc: 0.9725991030092592 test_score: 0.5325200082271071
epoch [37] train_loss: 0.000077 testing_loss: 0.000334 
test_acc: 0.6733214050287221 train_acc: 0.9751216554330066 test_score: 0.5610874389219188
epoch [38] train_loss: 0.000070 testing_loss: 0.000333 
test_acc: 0.6594782936246351 train_acc: 0.9744095094635077 test_score: 0.5124396340271241
epoch [39] train_loss: 0.000070 testing_loss: 0.000334 
test_acc: 0.6681420096054242 train_acc: 0.9755160249863835 test_score: 0.5292336394970074
epoch [40] train_loss: 0.000070 testing_loss: 0.000333 
test_acc: 0.6596666352763914 train_acc: 0.9753334780092593 test_score: 0.5261108292798682
epoch [41] train_loss: 0.000069 testing_loss: 0.000334 
test_acc: 0.6619267350974668 train_acc: 0.9767344941448802 test_score: 0.5165592864221639
epoch [42] train_loss: 0.000066 testing_loss: 0.000334 
test_acc: 0.6730388925510876 train_acc: 0.9765932649101308 test_score: 0.4997071305228397
epoch [43] train_loss: 0.000066 testing_loss: 0.000333 
test_acc: 0.6612675393163198 train_acc: 0.9764219941448802 test_score: 0.5022804705317642
epoch [44] train_loss: 0.000065 testing_loss: 0.000334 
test_acc: 0.663998493266786 train_acc: 0.9768967439406318 test_score: 0.5358453040669667
epoch [45] train_loss: 0.000065 testing_loss: 0.000334 
test_acc: 0.6673886429983991 train_acc: 0.976512884667756 test_score: 0.5244022254741223
epoch [46] train_loss: 0.000066 testing_loss: 0.000333 
test_acc: 0.6701195969488652 train_acc: 0.9784787751906318 test_score: 0.5271139357709466
epoch [47] train_loss: 0.000061 testing_loss: 0.000333 
test_acc: 0.6663527639137395 train_acc: 0.9788956971677559 test_score: 0.5168675703666328
epoch [48] train_loss: 0.000058 testing_loss: 0.000333 
test_acc: 0.6645635182220548 train_acc: 0.9795184419253813 test_score: 0.5132325069682323
epoch [49] train_loss: 0.000058 testing_loss: 0.000334 
test_acc: 0.6746397965910161 train_acc: 0.9798399628948802 test_score: 0.5219032193759924
epoch [50] train_loss: 0.000056 testing_loss: 0.000333 
test_acc: 0.665976080610227 train_acc: 0.9785186036220044 test_score: 0.5145083259339261
epoch [51] train_loss: 0.000060 testing_loss: 0.000333 
test_acc: 0.6668236180431303 train_acc: 0.9793261505991285 test_score: 0.49806094476405977
epoch [52] train_loss: 0.000057 testing_loss: 0.000334 
test_acc: 0.6664469347396177 train_acc: 0.9823399628948802 test_score: 0.515795436611495
epoch [53] train_loss: 0.000052 testing_loss: 0.000333 
test_acc: 0.6687070345606931 train_acc: 0.9813724213643791 test_score: 0.5261791727046108
epoch [54] train_loss: 0.000053 testing_loss: 0.000333 
test_acc: 0.6664469347396177 train_acc: 0.9815977753948801 test_score: 0.5240711499954559
epoch [55] train_loss: 0.000052 testing_loss: 0.000333 
test_acc: 0.6658819097843488 train_acc: 0.9815692231753813 test_score: 0.5229688558213957
epoch [56] train_loss: 0.000052 testing_loss: 0.000333 
test_acc: 0.6734155758546002 train_acc: 0.9817773011982571 test_score: 0.5222125675946665
epoch [57] train_loss: 0.000052 testing_loss: 0.000333 
test_acc: 0.6606083435351728 train_acc: 0.9814325044253813 test_score: 0.5177520381984665
epoch [58] train_loss: 0.000052 testing_loss: 0.000334 
test_acc: 0.6667294472172521 train_acc: 0.9812762544253814 test_score: 0.5212878045447562
epoch [59] train_loss: 0.000051 testing_loss: 0.000333 
test_acc: 0.666635276391374 train_acc: 0.9820319733796297 test_score: 0.5142877476238584
epoch [60] train_loss: 0.000052 testing_loss: 0.000333 
test_acc: 0.6684245220830587 train_acc: 0.9810681764025054 test_score: 0.49501890233859785
epoch [61] train_loss: 0.000054 testing_loss: 0.000333 
test_acc: 0.6671061305207646 train_acc: 0.9818035981753813 test_score: 0.5264417082735885
epoch [62] train_loss: 0.000049 testing_loss: 0.000333 
test_acc: 0.6734155758546002 train_acc: 0.9819057649101307 test_score: 0.5244726013938943
epoch [63] train_loss: 0.000051 testing_loss: 0.000333 
test_acc: 0.6696487428194745 train_acc: 0.9828868378948802 test_score: 0.5483638676299627
epoch [64] train_loss: 0.000049 testing_loss: 0.000333 
test_acc: 0.6687070345606931 train_acc: 0.9821078431372549 test_score: 0.5265006954467573
epoch [65] train_loss: 0.000049 testing_loss: 0.000333 
test_acc: 0.67190884264055 train_acc: 0.9841819001906318 test_score: 0.5185435167722908
epoch [66] train_loss: 0.000045 testing_loss: 0.000333 
test_acc: 0.6720971842923062 train_acc: 0.9843193848720044 test_score: 0.5286463157005014
epoch [67] train_loss: 0.000045 testing_loss: 0.000333 
test_acc: 0.6752048215462849 train_acc: 0.9841586243872549 test_score: 0.5166193788726859
epoch [68] train_loss: 0.000044 testing_loss: 0.000333 
test_acc: 0.6736980883322347 train_acc: 0.9849338745915033 test_score: 0.5110076549854181
epoch [69] train_loss: 0.000043 testing_loss: 0.000333 
test_acc: 0.6782182879743855 train_acc: 0.9838934419253813 test_score: 0.5256973249779955
epoch [70] train_loss: 0.000047 testing_loss: 0.000332 
test_acc: 0.6763348714568227 train_acc: 0.983735702614379 test_score: 0.5425170548546357
epoch [71] train_loss: 0.000044 testing_loss: 0.000332 
test_acc: 0.6701195969488652 train_acc: 0.9852741608796296 test_score: 0.5087647214892617
epoch [72] train_loss: 0.000042 testing_loss: 0.000333 
test_acc: 0.669931255297109 train_acc: 0.9857714630991284 test_score: 0.5176629238128164
epoch [73] train_loss: 0.000041 testing_loss: 0.000333 
test_acc: 0.6706846219041341 train_acc: 0.9851532288262527 test_score: 0.5139917133064479
epoch [74] train_loss: 0.000042 testing_loss: 0.000333 
test_acc: 0.6748281382427724 train_acc: 0.985385348583878 test_score: 0.5083690450868246
epoch [75] train_loss: 0.000042 testing_loss: 0.000333 
test_acc: 0.6746397965910161 train_acc: 0.9864250153186275 test_score: 0.5398184558722903
epoch [76] train_loss: 0.000039 testing_loss: 0.000333 
test_acc: 0.6729447217252096 train_acc: 0.9862725098720044 test_score: 0.5347561843909389
epoch [77] train_loss: 0.000041 testing_loss: 0.000333 
test_acc: 0.6749223090686506 train_acc: 0.985571640114379 test_score: 0.5258957393701633
epoch [78] train_loss: 0.000040 testing_loss: 0.000332 
test_acc: 0.6776532630191167 train_acc: 0.9869343171296296 test_score: 0.531084895938772
epoch [79] train_loss: 0.000038 testing_loss: 0.000332 
test_acc: 0.6707787927300123 train_acc: 0.9869433380991285 test_score: 0.535524892078888
epoch [80] train_loss: 0.000036 testing_loss: 0.000333 
test_acc: 0.6754873340239194 train_acc: 0.9855393433415033 test_score: 0.5045018155332363
epoch [81] train_loss: 0.000041 testing_loss: 0.000332 
test_acc: 0.6749223090686506 train_acc: 0.9844388276143791 test_score: 0.5333355065834023
epoch [82] train_loss: 0.000043 testing_loss: 0.000332 
test_acc: 0.6673886429983991 train_acc: 0.985181015114379 test_score: 0.49961299681517574
epoch [83] train_loss: 0.000042 testing_loss: 0.000333 
test_acc: 0.682455975138902 train_acc: 0.9871386505991285 test_score: 0.5102353436863839
epoch [84] train_loss: 0.000038 testing_loss: 0.000332 
test_acc: 0.6713438176852811 train_acc: 0.9868584473720045 test_score: 0.5146783489511926
epoch [85] train_loss: 0.000037 testing_loss: 0.000333 
test_acc: 0.6769940672379697 train_acc: 0.9861620880991285 test_score: 0.5200394243413082
epoch [86] train_loss: 0.000040 testing_loss: 0.000332 
test_acc: 0.6684245220830587 train_acc: 0.9866022858796296 test_score: 0.5179045258004731
epoch [87] train_loss: 0.000038 testing_loss: 0.000333 
test_acc: 0.6760523589791883 train_acc: 0.9871604370915033 test_score: 0.5217305477032577
epoch [88] train_loss: 0.000037 testing_loss: 0.000332 
test_acc: 0.6542988982013372 train_acc: 0.9872776245915033 test_score: 0.5036651180922274
epoch [89] train_loss: 0.000037 testing_loss: 0.000334 
test_acc: 0.6683303512571805 train_acc: 0.9873549836601307 test_score: 0.525007340931752
epoch [90] train_loss: 0.000037 testing_loss: 0.000333 
test_acc: 0.6623034184009794 train_acc: 0.9873948120915033 test_score: 0.5137170973896183
epoch [91] train_loss: 0.000034 testing_loss: 0.000334 
test_acc: 0.6668236180431303 train_acc: 0.9863228485838781 test_score: 0.5341947746475049
epoch [92] train_loss: 0.000039 testing_loss: 0.000333 
test_acc: 0.6790658254072888 train_acc: 0.9874233643110021 test_score: 0.5464314668420813
epoch [93] train_loss: 0.000037 testing_loss: 0.000332 
test_acc: 0.6720971842923062 train_acc: 0.9874616608796296 test_score: 0.5251989960381482
epoch [94] train_loss: 0.000035 testing_loss: 0.000333 
test_acc: 0.674545625765138 train_acc: 0.9880693848720044 test_score: 0.5160685867417859
epoch [95] train_loss: 0.000034 testing_loss: 0.000333 
test_acc: 0.6700254261229871 train_acc: 0.9874451508033769 test_score: 0.5334969364784766
epoch [96] train_loss: 0.000035 testing_loss: 0.000333 
test_acc: 0.672568038421697 train_acc: 0.9875668487881264 test_score: 0.5140497799583326
epoch [97] train_loss: 0.000035 testing_loss: 0.000333 
test_acc: 0.6624917600527357 train_acc: 0.9874969788262526 test_score: 0.4972037101944459
epoch [98] train_loss: 0.000035 testing_loss: 0.000333 
test_acc: 0.6740747716357472 train_acc: 0.9882301453567538 test_score: 0.5187623824579632
epoch [99] train_loss: 0.000032 testing_loss: 0.000333 
test_acc: 0.6737922591581128 train_acc: 0.9886951508033769 test_score: 0.5066741696998615
epoch [100] train_loss: 0.000033 testing_loss: 0.000333 
fold 0, test_loss 0.000333, test_acc 0.561087, train_loss 0.000033, train_acc 0.988695
test_acc: 0.5441546061183812 train_acc: 0.6160498666378316 test_score: 0.18594392760428288
epoch [1] train_loss: 0.001756 testing_loss: 0.000323 
test_acc: 0.5738798856053384 train_acc: 0.7590722036746684 test_score: 0.25861888942794753
epoch [2] train_loss: 0.000798 testing_loss: 0.000319 
test_acc: 0.584106075049831 train_acc: 0.7955893194249207 test_score: 0.3171820270220673
epoch [3] train_loss: 0.000624 testing_loss: 0.000318 
test_acc: 0.5979720946355837 train_acc: 0.8222233861375433 test_score: 0.3296690197289011
epoch [4] train_loss: 0.000529 testing_loss: 0.000316 
test_acc: 0.6071583326111448 train_acc: 0.8381803131983493 test_score: 0.38245357103610667
epoch [5] train_loss: 0.000467 testing_loss: 0.000315 
test_acc: 0.6213710026865413 train_acc: 0.8587376155655276 test_score: 0.38069096102917566
epoch [6] train_loss: 0.000407 testing_loss: 0.000313 
test_acc: 0.6268307478984314 train_acc: 0.8700662896707395 test_score: 0.41267341357070153
epoch [7] train_loss: 0.000372 testing_loss: 0.000313 
test_acc: 0.6332437819568421 train_acc: 0.8806184726877883 test_score: 0.42739383258326796
epoch [8] train_loss: 0.000340 testing_loss: 0.000312 
test_acc: 0.63125054164139 train_acc: 0.889536011727761 test_score: 0.4317199799368404
epoch [9] train_loss: 0.000312 testing_loss: 0.000312 
test_acc: 0.6307305659069243 train_acc: 0.8970351697664359 test_score: 0.46576963087630435
epoch [10] train_loss: 0.000284 testing_loss: 0.000312 
test_acc: 0.6345437212930063 train_acc: 0.9077233619205954 test_score: 0.4400047072968671
epoch [11] train_loss: 0.000256 testing_loss: 0.000311 
test_acc: 0.6306439032845134 train_acc: 0.9139297291756776 test_score: 0.44469430122299136
epoch [12] train_loss: 0.000238 testing_loss: 0.000311 
test_acc: 0.6405234422393622 train_acc: 0.9197601001567907 test_score: 0.5062835106073841
epoch [13] train_loss: 0.000225 testing_loss: 0.000311 
test_acc: 0.6431233209116908 train_acc: 0.9259257773077062 test_score: 0.48290806577518686
epoch [14] train_loss: 0.000206 testing_loss: 0.000310 
test_acc: 0.6393968281480198 train_acc: 0.9279091734924668 test_score: 0.46652444330316745
epoch [15] train_loss: 0.000199 testing_loss: 0.000310 
test_acc: 0.6475431146546494 train_acc: 0.9327123657367359 test_score: 0.4810092296807495
epoch [16] train_loss: 0.000187 testing_loss: 0.000310 
test_acc: 0.6527428719993067 train_acc: 0.9370719795271049 test_score: 0.49576998625635804
epoch [17] train_loss: 0.000175 testing_loss: 0.000309 
test_acc: 0.6458098622064303 train_acc: 0.9407254299353013 test_score: 0.49151778530017093
epoch [18] train_loss: 0.000161 testing_loss: 0.000309 
test_acc: 0.6497963428373342 train_acc: 0.943470252013949 test_score: 0.4835904608361836
epoch [19] train_loss: 0.000155 testing_loss: 0.000309 
test_acc: 0.6466764884305399 train_acc: 0.9487449003613394 test_score: 0.4875289169339138
epoch [20] train_loss: 0.000145 testing_loss: 0.000309 
test_acc: 0.6471098015425947 train_acc: 0.9512798656916811 test_score: 0.5109695658362967
epoch [21] train_loss: 0.000136 testing_loss: 0.000309 
test_acc: 0.6467631510529509 train_acc: 0.953915429912774 test_score: 0.4593968709276394
epoch [22] train_loss: 0.000128 testing_loss: 0.000309 
test_acc: 0.650229655949389 train_acc: 0.9547420444510525 test_score: 0.500241911999292
epoch [23] train_loss: 0.000125 testing_loss: 0.000309 
test_acc: 0.6471964641650056 train_acc: 0.9567340996026168 test_score: 0.5136226127964204
epoch [24] train_loss: 0.000118 testing_loss: 0.000309 
test_acc: 0.6516162579079643 train_acc: 0.9582321008596453 test_score: 0.46830320051473473
epoch [25] train_loss: 0.000115 testing_loss: 0.000308 
test_acc: 0.648409740878759 train_acc: 0.9595248916432383 test_score: 0.47072830663455584
epoch [26] train_loss: 0.000111 testing_loss: 0.000309 
test_acc: 0.6467631510529509 train_acc: 0.9615843881785251 test_score: 0.4929294404504112
epoch [27] train_loss: 0.000107 testing_loss: 0.000309 
test_acc: 0.6472831267874166 train_acc: 0.9624249415414144 test_score: 0.47913621905387505
epoch [28] train_loss: 0.000102 testing_loss: 0.000309 
test_acc: 0.6494496923476905 train_acc: 0.9645640583324323 test_score: 0.48376912133531685
epoch [29] train_loss: 0.000101 testing_loss: 0.000309 
test_acc: 0.6498830054597452 train_acc: 0.9653057727571728 test_score: 0.47574909172436763
epoch [30] train_loss: 0.000098 testing_loss: 0.000309 
test_acc: 0.6478897651442933 train_acc: 0.9666613586496179 test_score: 0.47500806429740494
epoch [31] train_loss: 0.000092 testing_loss: 0.000309 
test_acc: 0.648323078256348 train_acc: 0.9681843512336 test_score: 0.5020722970400473
epoch [32] train_loss: 0.000089 testing_loss: 0.000309 
test_acc: 0.6571626657422653 train_acc: 0.9685174046640715 test_score: 0.530414631862187
epoch [33] train_loss: 0.000088 testing_loss: 0.000308 
test_acc: 0.6509229569286766 train_acc: 0.9708663782033953 test_score: 0.5149867350451675
epoch [34] train_loss: 0.000083 testing_loss: 0.000308 
test_acc: 0.652309558887252 train_acc: 0.9696916450403691 test_score: 0.502930123749605
epoch [35] train_loss: 0.000083 testing_loss: 0.000308 
test_acc: 0.6512696074183205 train_acc: 0.9718946833099049 test_score: 0.5187632894441127
epoch [36] train_loss: 0.000077 testing_loss: 0.000308 
test_acc: 0.6497963428373342 train_acc: 0.9723283356311274 test_score: 0.5226368541726639
epoch [37] train_loss: 0.000076 testing_loss: 0.000308 
test_acc: 0.6496230175925124 train_acc: 0.9726980664738322 test_score: 0.502909932501068
epoch [38] train_loss: 0.000074 testing_loss: 0.000308 
test_acc: 0.6517895831527862 train_acc: 0.9734519597705811 test_score: 0.509015816603595
epoch [39] train_loss: 0.000073 testing_loss: 0.000308 
test_acc: 0.6517029205303753 train_acc: 0.9743175044604239 test_score: 0.47555184317438015
epoch [40] train_loss: 0.000072 testing_loss: 0.000308 
test_acc: 0.6491897044804575 train_acc: 0.9747040604500072 test_score: 0.460697315626402
epoch [41] train_loss: 0.000072 testing_loss: 0.000308 
test_acc: 0.6471964641650056 train_acc: 0.9753829797658953 test_score: 0.4829745402470277
epoch [42] train_loss: 0.000070 testing_loss: 0.000309 
test_acc: 0.6544761244475258 train_acc: 0.9753161719651096 test_score: 0.519143964993956
epoch [43] train_loss: 0.000071 testing_loss: 0.000308 
test_acc: 0.6519629083976081 train_acc: 0.9765740452890715 test_score: 0.5379168316884649
epoch [44] train_loss: 0.000065 testing_loss: 0.000308 
test_acc: 0.6482364156339371 train_acc: 0.9767042817816466 test_score: 0.48270152786157533
epoch [45] train_loss: 0.000066 testing_loss: 0.000308 
test_acc: 0.6535228356010053 train_acc: 0.9755753777843857 test_score: 0.49051978188743434
epoch [46] train_loss: 0.000068 testing_loss: 0.000308 
test_acc: 0.6551694254268134 train_acc: 0.9757934007127668 test_score: 0.5218187940486781
epoch [47] train_loss: 0.000066 testing_loss: 0.000308 
test_acc: 0.654129473957882 train_acc: 0.9761375066455811 test_score: 0.5053623672805483
epoch [48] train_loss: 0.000066 testing_loss: 0.000308 
test_acc: 0.652049571020019 train_acc: 0.9781441342046929 test_score: 0.518648593102344
epoch [49] train_loss: 0.000063 testing_loss: 0.000308 
test_acc: 0.654129473957882 train_acc: 0.978361523550137 test_score: 0.5272022433346675
epoch [50] train_loss: 0.000060 testing_loss: 0.000308 
test_acc: 0.652309558887252 train_acc: 0.9799159136885452 test_score: 0.5097628908132795
epoch [51] train_loss: 0.000055 testing_loss: 0.000308 
test_acc: 0.6519629083976081 train_acc: 0.9800315777735727 test_score: 0.53012762726673
epoch [52] train_loss: 0.000056 testing_loss: 0.000308 
test_acc: 0.6549094375595805 train_acc: 0.9790079189419334 test_score: 0.5009544418941536
epoch [53] train_loss: 0.000058 testing_loss: 0.000308 
test_acc: 0.650229655949389 train_acc: 0.9817266233239619 test_score: 0.5095833329418973
epoch [54] train_loss: 0.000053 testing_loss: 0.000308 
test_acc: 0.6539561487130601 train_acc: 0.9795508291207108 test_score: 0.5275753052734528
epoch [55] train_loss: 0.000058 testing_loss: 0.000308 
test_acc: 0.6583759424560187 train_acc: 0.9804070812608132 test_score: 0.5145875746204286
epoch [56] train_loss: 0.000055 testing_loss: 0.000308 
test_acc: 0.6532628477337724 train_acc: 0.9814964215235727 test_score: 0.49807824272164897
epoch [57] train_loss: 0.000053 testing_loss: 0.000308 
test_acc: 0.6574226536094983 train_acc: 0.981089520481906 test_score: 0.5054887291564132
epoch [58] train_loss: 0.000053 testing_loss: 0.000308 
test_acc: 0.6472831267874166 train_acc: 0.9816824133145906 test_score: 0.4980060515155061
epoch [59] train_loss: 0.000051 testing_loss: 0.000308 
test_acc: 0.6530895224889505 train_acc: 0.9822177908962298 test_score: 0.4981760042563239
epoch [60] train_loss: 0.000052 testing_loss: 0.000308 
test_acc: 0.6514429326631423 train_acc: 0.9817916711721453 test_score: 0.483357488436917
epoch [61] train_loss: 0.000050 testing_loss: 0.000308 
test_acc: 0.64849640350117 train_acc: 0.9825671766868512 test_score: 0.4744481361224542
epoch [62] train_loss: 0.000047 testing_loss: 0.000308 
test_acc: 0.6524828841320738 train_acc: 0.9819062088875072 test_score: 0.4958988723184623
epoch [63] train_loss: 0.000051 testing_loss: 0.000308 
test_acc: 0.6561227142733339 train_acc: 0.9823619662134155 test_score: 0.5132878622658671
epoch [64] train_loss: 0.000050 testing_loss: 0.000308 
test_acc: 0.6553427506716353 train_acc: 0.9832321571781285 test_score: 0.4928643987079351
epoch [65] train_loss: 0.000047 testing_loss: 0.000308 
test_acc: 0.6554294132940462 train_acc: 0.9830722830837298 test_score: 0.4985989590520675
epoch [66] train_loss: 0.000048 testing_loss: 0.000308 
test_acc: 0.6555160759164572 train_acc: 0.9826624957197952 test_score: 0.5123129326131741
epoch [67] train_loss: 0.000051 testing_loss: 0.000308 
test_acc: 0.6491897044804575 train_acc: 0.9839535265507857 test_score: 0.4922906133145413
epoch [68] train_loss: 0.000045 testing_loss: 0.000308 
test_acc: 0.6507496316838548 train_acc: 0.9837925260867215 test_score: 0.5044493979774651
epoch [69] train_loss: 0.000047 testing_loss: 0.000308 
test_acc: 0.6606291706387035 train_acc: 0.9843697201421929 test_score: 0.4829045123335529
epoch [70] train_loss: 0.000045 testing_loss: 0.000307 
test_acc: 0.6531761851113614 train_acc: 0.9845185417342489 test_score: 0.4892017741434742
epoch [71] train_loss: 0.000045 testing_loss: 0.000308 
test_acc: 0.6509229569286766 train_acc: 0.9840163216596381 test_score: 0.4873940700793435
epoch [72] train_loss: 0.000045 testing_loss: 0.000308 
test_acc: 0.6588959181904844 train_acc: 0.984149444474481 test_score: 0.48430423297405295
epoch [73] train_loss: 0.000045 testing_loss: 0.000307 
test_acc: 0.6555160759164572 train_acc: 0.9843743664170632 test_score: 0.5019996949806961
epoch [74] train_loss: 0.000045 testing_loss: 0.000308 
test_acc: 0.6547361123147586 train_acc: 0.9842301910998774 test_score: 0.4751726901881509
epoch [75] train_loss: 0.000045 testing_loss: 0.000308 
test_acc: 0.652222896264841 train_acc: 0.9842273047776096 test_score: 0.5023919749808097
epoch [76] train_loss: 0.000043 testing_loss: 0.000308 
test_acc: 0.6527428719993067 train_acc: 0.9856596246035179 test_score: 0.5175870140119094
epoch [77] train_loss: 0.000042 testing_loss: 0.000308 
test_acc: 0.6525695467544848 train_acc: 0.985361981419406 test_score: 0.5167346582922492
epoch [78] train_loss: 0.000043 testing_loss: 0.000308 
test_acc: 0.6509229569286766 train_acc: 0.9861229145265643 test_score: 0.46396295073485533
epoch [79] train_loss: 0.000039 testing_loss: 0.000308 
test_acc: 0.6551694254268134 train_acc: 0.9859334028303417 test_score: 0.49156424136229937
epoch [80] train_loss: 0.000039 testing_loss: 0.000308 
test_acc: 0.6601958575266488 train_acc: 0.9858270312950549 test_score: 0.5072654920419943
epoch [81] train_loss: 0.000042 testing_loss: 0.000307 
test_acc: 0.6506629690614438 train_acc: 0.9865751519472679 test_score: 0.4844946426504111
epoch [82] train_loss: 0.000038 testing_loss: 0.000308 
test_acc: 0.6535228356010053 train_acc: 0.9863652951989619 test_score: 0.49265802295819344
epoch [83] train_loss: 0.000040 testing_loss: 0.000308 
test_acc: 0.6551694254268134 train_acc: 0.9862432248864619 test_score: 0.5208900650385888
epoch [84] train_loss: 0.000040 testing_loss: 0.000308 
test_acc: 0.6530028598665396 train_acc: 0.9858944726787774 test_score: 0.495019140677226
epoch [85] train_loss: 0.000040 testing_loss: 0.000308 
test_acc: 0.6542161365802929 train_acc: 0.9860287218632857 test_score: 0.5108256124839748
epoch [86] train_loss: 0.000041 testing_loss: 0.000308 
test_acc: 0.6575093162319092 train_acc: 0.9856171745467489 test_score: 0.5147442352742807
epoch [87] train_loss: 0.000041 testing_loss: 0.000308 
test_acc: 0.6532628477337724 train_acc: 0.9870837782493512 test_score: 0.49536887294598864
epoch [88] train_loss: 0.000038 testing_loss: 0.000308 
test_acc: 0.655949389028512 train_acc: 0.9866501259281285 test_score: 0.499419266010492
epoch [89] train_loss: 0.000037 testing_loss: 0.000308 
test_acc: 0.6517029205303753 train_acc: 0.9868442838992215 test_score: 0.4752604634286564
epoch [90] train_loss: 0.000038 testing_loss: 0.000308 
test_acc: 0.652222896264841 train_acc: 0.9868739215010452 test_score: 0.4935782061825657
epoch [91] train_loss: 0.000038 testing_loss: 0.000308 
test_acc: 0.6556894011612792 train_acc: 0.9861193946213596 test_score: 0.4828933752448927
epoch [92] train_loss: 0.000039 testing_loss: 0.000308 
test_acc: 0.6598492070370049 train_acc: 0.9864356229049523 test_score: 0.5154225295268827
epoch [93] train_loss: 0.000039 testing_loss: 0.000307 
test_acc: 0.6564693647629777 train_acc: 0.9873982465803417 test_score: 0.5034389364547586
epoch [94] train_loss: 0.000036 testing_loss: 0.000308 
test_acc: 0.6576826414767311 train_acc: 0.987445342911981 test_score: 0.529418054581516
epoch [95] train_loss: 0.000036 testing_loss: 0.000307 
test_acc: 0.6598492070370049 train_acc: 0.9885625608239619 test_score: 0.4898580431234641
epoch [96] train_loss: 0.000033 testing_loss: 0.000307 
test_acc: 0.654129473957882 train_acc: 0.9878661827782583 test_score: 0.5014984606507951
epoch [97] train_loss: 0.000035 testing_loss: 0.000308 
test_acc: 0.6553427506716353 train_acc: 0.9868925066005262 test_score: 0.48726027075650624
epoch [98] train_loss: 0.000037 testing_loss: 0.000308 
test_acc: 0.6572493283646763 train_acc: 0.9877580512903691 test_score: 0.503920839447273
epoch [99] train_loss: 0.000036 testing_loss: 0.000307 
test_acc: 0.6555160759164572 train_acc: 0.9877313000108132 test_score: 0.4846949767381553
epoch [100] train_loss: 0.000035 testing_loss: 0.000308 
fold 1, test_loss 0.000308, test_acc 0.537917, train_loss 0.000035, train_acc 0.987731
test_acc: 0.5604909409701929 train_acc: 0.60471828817734 test_score: 0.16545517522403333
epoch [1] train_loss: 0.001797 testing_loss: 0.000270 
test_acc: 0.5855493863237873 train_acc: 0.755310960591133 test_score: 0.2552645149100416
epoch [2] train_loss: 0.000804 testing_loss: 0.000268 
test_acc: 0.5961426066627703 train_acc: 0.7970786509646961 test_score: 0.3159089787802729
epoch [3] train_loss: 0.000618 testing_loss: 0.000266 
test_acc: 0.6007451782583285 train_acc: 0.8213131157635468 test_score: 0.3803662652329788
epoch [4] train_loss: 0.000521 testing_loss: 0.000266 
test_acc: 0.6105347749853887 train_acc: 0.8392833089593597 test_score: 0.40722270314916864
epoch [5] train_loss: 0.000456 testing_loss: 0.000265 
test_acc: 0.6164523670368206 train_acc: 0.8566858451354681 test_score: 0.41399631902060596
epoch [6] train_loss: 0.000406 testing_loss: 0.000264 
test_acc: 0.6216393921683226 train_acc: 0.8682033494971264 test_score: 0.43355489831581784
epoch [7] train_loss: 0.000366 testing_loss: 0.000263 
test_acc: 0.6239041496201052 train_acc: 0.8807014252360427 test_score: 0.4709209959945436
epoch [8] train_loss: 0.000332 testing_loss: 0.000263 
test_acc: 0.6274108708357685 train_acc: 0.889714183087028 test_score: 0.45962911679434526
epoch [9] train_loss: 0.000301 testing_loss: 0.000263 
test_acc: 0.6350087668030392 train_acc: 0.8995928584256978 test_score: 0.5093508847243907
epoch [10] train_loss: 0.000281 testing_loss: 0.000262 
test_acc: 0.6335476329631794 train_acc: 0.9072650477216748 test_score: 0.5052522284493995
epoch [11] train_loss: 0.000256 testing_loss: 0.000262 
test_acc: 0.6369812974868498 train_acc: 0.9136648193760263 test_score: 0.5013904515019778
epoch [12] train_loss: 0.000240 testing_loss: 0.000262 
test_acc: 0.6293834015195792 train_acc: 0.9226086245381773 test_score: 0.5162474880186616
epoch [13] train_loss: 0.000215 testing_loss: 0.000262 
test_acc: 0.6385154880187025 train_acc: 0.926550152658046 test_score: 0.4981421134582207
epoch [14] train_loss: 0.000205 testing_loss: 0.000262 
test_acc: 0.6504237288135594 train_acc: 0.9317873499076355 test_score: 0.5162310752736228
epoch [15] train_loss: 0.000188 testing_loss: 0.000261 
test_acc: 0.6475745178258329 train_acc: 0.9374093993739737 test_score: 0.5162428049650747
epoch [16] train_loss: 0.000173 testing_loss: 0.000261 
test_acc: 0.6440677966101694 train_acc: 0.9411528889573071 test_score: 0.5046387069439119
epoch [17] train_loss: 0.000162 testing_loss: 0.000261 
test_acc: 0.635885447106955 train_acc: 0.9444072955151888 test_score: 0.5120485937293265
epoch [18] train_loss: 0.000151 testing_loss: 0.000261 
test_acc: 0.6374926943308007 train_acc: 0.9463171246408046 test_score: 0.5174691529325199
epoch [19] train_loss: 0.000147 testing_loss: 0.000261 
test_acc: 0.6420222092343658 train_acc: 0.9508335257594418 test_score: 0.5023868056795986
epoch [20] train_loss: 0.000139 testing_loss: 0.000261 
test_acc: 0.6461864406779662 train_acc: 0.9563786047824303 test_score: 0.5184434203359569
epoch [21] train_loss: 0.000123 testing_loss: 0.000260 
test_acc: 0.6396843950905903 train_acc: 0.9545144768575533 test_score: 0.5088406521913351
epoch [22] train_loss: 0.000128 testing_loss: 0.000261 
test_acc: 0.6473553477498539 train_acc: 0.9557957140291461 test_score: 0.5176816456426994
epoch [23] train_loss: 0.000123 testing_loss: 0.000260 
test_acc: 0.65239625949737 train_acc: 0.9594117213156814 test_score: 0.5309262318575139
epoch [24] train_loss: 0.000112 testing_loss: 0.000260 
test_acc: 0.6403419053185272 train_acc: 0.9614883197352216 test_score: 0.5388472755124379
epoch [25] train_loss: 0.000109 testing_loss: 0.000261 
test_acc: 0.6423144360023378 train_acc: 0.9622459975369457 test_score: 0.5289180634772781
epoch [26] train_loss: 0.000103 testing_loss: 0.000261 
test_acc: 0.6518118059614261 train_acc: 0.9626693349753694 test_score: 0.5320748459954232
epoch [27] train_loss: 0.000102 testing_loss: 0.000260 
test_acc: 0.6457481005260082 train_acc: 0.9655709603345648 test_score: 0.5150519324226707
epoch [28] train_loss: 0.000097 testing_loss: 0.000260 
test_acc: 0.64677089421391 train_acc: 0.9661289960488505 test_score: 0.5206018806127093
epoch [29] train_loss: 0.000092 testing_loss: 0.000260 
test_acc: 0.6463325540619521 train_acc: 0.9680444376026272 test_score: 0.5387996708309573
epoch [30] train_loss: 0.000089 testing_loss: 0.000260 
test_acc: 0.641437755698422 train_acc: 0.9695565861042693 test_score: 0.5183371119003737
epoch [31] train_loss: 0.000085 testing_loss: 0.000261 
test_acc: 0.6454558737580363 train_acc: 0.9694234913793103 test_score: 0.5022463367227697
epoch [32] train_loss: 0.000085 testing_loss: 0.000260 
test_acc: 0.6425336060783168 train_acc: 0.9707592492816092 test_score: 0.5286738562448069
epoch [33] train_loss: 0.000083 testing_loss: 0.000260 
test_acc: 0.6442869666861485 train_acc: 0.9705804533559114 test_score: 0.511709639361035
epoch [34] train_loss: 0.000081 testing_loss: 0.000260 
test_acc: 0.6451636469900643 train_acc: 0.9720869894293924 test_score: 0.5162620883483255
epoch [35] train_loss: 0.000077 testing_loss: 0.000260 
test_acc: 0.6477936879018118 train_acc: 0.972942483836207 test_score: 0.5156791818126603
epoch [36] train_loss: 0.000077 testing_loss: 0.000260 
test_acc: 0.6447983635300993 train_acc: 0.9744329844006568 test_score: 0.5082562491441659
epoch [37] train_loss: 0.000071 testing_loss: 0.000260 
test_acc: 0.6396113383985973 train_acc: 0.9753558279454023 test_score: 0.5243106904470546
epoch [38] train_loss: 0.000071 testing_loss: 0.000261 
test_acc: 0.6512273524254821 train_acc: 0.9763123460591133 test_score: 0.5129833931540617
epoch [39] train_loss: 0.000067 testing_loss: 0.000260 
test_acc: 0.6433372296902397 train_acc: 0.976039742405583 test_score: 0.5087062692892338
epoch [40] train_loss: 0.000066 testing_loss: 0.000260 
test_acc: 0.641218585622443 train_acc: 0.976956171746716 test_score: 0.5294354377069664
epoch [41] train_loss: 0.000065 testing_loss: 0.000260 
test_acc: 0.6434833430742256 train_acc: 0.978100305316092 test_score: 0.5452884718286438
epoch [42] train_loss: 0.000063 testing_loss: 0.000260 
test_acc: 0.640853302162478 train_acc: 0.9757735529556649 test_score: 0.5249099552014629
epoch [43] train_loss: 0.000066 testing_loss: 0.000260 
test_acc: 0.6445791934541204 train_acc: 0.9791835039511495 test_score: 0.5301945090594652
epoch [44] train_loss: 0.000059 testing_loss: 0.000260 
test_acc: 0.647282291057861 train_acc: 0.9801183741276683 test_score: 0.5193346029631447
epoch [45] train_loss: 0.000056 testing_loss: 0.000260 
test_acc: 0.6469900642898889 train_acc: 0.978153222495895 test_score: 0.5147145107642821
epoch [46] train_loss: 0.000061 testing_loss: 0.000260 
test_acc: 0.6419491525423728 train_acc: 0.980087906660509 test_score: 0.5264465357135117
epoch [47] train_loss: 0.000056 testing_loss: 0.000260 
test_acc: 0.6501315020455873 train_acc: 0.9813627296284894 test_score: 0.5094080333352834
epoch [48] train_loss: 0.000054 testing_loss: 0.000260 
test_acc: 0.6442139099941555 train_acc: 0.9812625076970444 test_score: 0.5171050410606103
epoch [49] train_loss: 0.000053 testing_loss: 0.000260 
test_acc: 0.6518118059614261 train_acc: 0.9815719930213466 test_score: 0.5305855661474473
epoch [50] train_loss: 0.000052 testing_loss: 0.000260 
test_acc: 0.6390268848626535 train_acc: 0.9811109721366995 test_score: 0.5022037754148825
epoch [51] train_loss: 0.000054 testing_loss: 0.000261 
test_acc: 0.6422413793103449 train_acc: 0.9806860311473728 test_score: 0.5128812596674261
epoch [52] train_loss: 0.000055 testing_loss: 0.000260 
test_acc: 0.6481589713617767 train_acc: 0.9815343095751232 test_score: 0.5123242023527914
epoch [53] train_loss: 0.000053 testing_loss: 0.000260 
test_acc: 0.6487434248977206 train_acc: 0.9818373806958127 test_score: 0.5305493258523698
epoch [54] train_loss: 0.000050 testing_loss: 0.000260 
test_acc: 0.6440677966101694 train_acc: 0.9824715850779968 test_score: 0.534394693569245
epoch [55] train_loss: 0.000051 testing_loss: 0.000260 
test_acc: 0.646843950905903 train_acc: 0.9833230706075533 test_score: 0.52675118908234
epoch [56] train_loss: 0.000048 testing_loss: 0.000260 
test_acc: 0.6400496785505553 train_acc: 0.982915768678161 test_score: 0.5102654482029404
epoch [57] train_loss: 0.000049 testing_loss: 0.000260 
test_acc: 0.6432641729982467 train_acc: 0.9835684138957307 test_score: 0.5002211079519052
epoch [58] train_loss: 0.000045 testing_loss: 0.000260 
test_acc: 0.6461864406779662 train_acc: 0.9822719429905582 test_score: 0.49800966103557764
epoch [59] train_loss: 0.000049 testing_loss: 0.000260 
test_acc: 0.6439947399181765 train_acc: 0.9830368367713466 test_score: 0.5151989001100745
epoch [60] train_loss: 0.000048 testing_loss: 0.000260 
test_acc: 0.6400496785505553 train_acc: 0.9834337156198687 test_score: 0.5044357686804818
epoch [61] train_loss: 0.000046 testing_loss: 0.000260 
test_acc: 0.6390268848626535 train_acc: 0.9848344173337438 test_score: 0.5185505153340971
epoch [62] train_loss: 0.000044 testing_loss: 0.000260 
test_acc: 0.6432641729982467 train_acc: 0.984369387571839 test_score: 0.5056212357282943
epoch [63] train_loss: 0.000045 testing_loss: 0.000260 
test_acc: 0.641218585622443 train_acc: 0.9838546477319376 test_score: 0.526100879025925
epoch [64] train_loss: 0.000045 testing_loss: 0.000260 
test_acc: 0.6418030391583869 train_acc: 0.9832853871613301 test_score: 0.5125109043307818
epoch [65] train_loss: 0.000047 testing_loss: 0.000260 
test_acc: 0.6382963179427236 train_acc: 0.9852761956075533 test_score: 0.5130740274383758
epoch [66] train_loss: 0.000042 testing_loss: 0.000261 
test_acc: 0.6398305084745762 train_acc: 0.9845946864737275 test_score: 0.5095172483305987
epoch [67] train_loss: 0.000043 testing_loss: 0.000261 
test_acc: 0.6370543541788428 train_acc: 0.9858526721572248 test_score: 0.5030911499918788
epoch [68] train_loss: 0.000041 testing_loss: 0.000261 
test_acc: 0.6436294564582116 train_acc: 0.9854020743534482 test_score: 0.5060289676535226
epoch [69] train_loss: 0.000042 testing_loss: 0.000260 
test_acc: 0.6380771478667446 train_acc: 0.9852224766522989 test_score: 0.5018896079948487
epoch [70] train_loss: 0.000042 testing_loss: 0.000260 
test_acc: 0.6445791934541204 train_acc: 0.9861389059934318 test_score: 0.4988270504793654
epoch [71] train_loss: 0.000040 testing_loss: 0.000260 
test_acc: 0.6363237872589129 train_acc: 0.984797535662972 test_score: 0.49738868246535844
epoch [72] train_loss: 0.000043 testing_loss: 0.000261 
test_acc: 0.6446522501461134 train_acc: 0.9851246600472086 test_score: 0.5169408923738239
epoch [73] train_loss: 0.000042 testing_loss: 0.000260 
test_acc: 0.6416569257744009 train_acc: 0.9861966338259442 test_score: 0.5024207741596864
epoch [74] train_loss: 0.000039 testing_loss: 0.000260 
test_acc: 0.6437755698421975 train_acc: 0.9865782789408867 test_score: 0.521287724235522
epoch [75] train_loss: 0.000038 testing_loss: 0.000260 
test_acc: 0.6416569257744009 train_acc: 0.9874361786740558 test_score: 0.5021365276953023
epoch [76] train_loss: 0.000036 testing_loss: 0.000260 
test_acc: 0.6377849210987726 train_acc: 0.9873086963772577 test_score: 0.5061983386965043
epoch [77] train_loss: 0.000037 testing_loss: 0.000260 
test_acc: 0.6438486265341905 train_acc: 0.9862832255747126 test_score: 0.5251359924280812
epoch [78] train_loss: 0.000037 testing_loss: 0.000260 
test_acc: 0.636104617182934 train_acc: 0.9863201072454844 test_score: 0.5072664284356491
epoch [79] train_loss: 0.000038 testing_loss: 0.000261 
test_acc: 0.6418030391583869 train_acc: 0.9866688795669128 test_score: 0.5209334578770476
epoch [80] train_loss: 0.000036 testing_loss: 0.000260 
test_acc: 0.6382232612507306 train_acc: 0.9866640689142037 test_score: 0.5004240441132783
epoch [81] train_loss: 0.000037 testing_loss: 0.000261 
test_acc: 0.630698421975453 train_acc: 0.9876574686986863 test_score: 0.5057496263209902
epoch [82] train_loss: 0.000036 testing_loss: 0.000261 
test_acc: 0.6405610753945061 train_acc: 0.9872782289100984 test_score: 0.5121019542873517
epoch [83] train_loss: 0.000036 testing_loss: 0.000260 
test_acc: 0.646551724137931 train_acc: 0.9879613415948276 test_score: 0.5114164069269258
epoch [84] train_loss: 0.000035 testing_loss: 0.000260 
test_acc: 0.6441408533021625 train_acc: 0.9883734541769293 test_score: 0.5143387190757853
epoch [85] train_loss: 0.000033 testing_loss: 0.000260 
test_acc: 0.6431180596142607 train_acc: 0.9884752796592776 test_score: 0.5117234467799743
epoch [86] train_loss: 0.000033 testing_loss: 0.000260 
test_acc: 0.6400496785505553 train_acc: 0.9875989390907224 test_score: 0.5081753093515808
epoch [87] train_loss: 0.000036 testing_loss: 0.000260 
test_acc: 0.6440677966101694 train_acc: 0.9868621074507389 test_score: 0.5096132344752569
epoch [88] train_loss: 0.000037 testing_loss: 0.000260 
test_acc: 0.6458211572180012 train_acc: 0.9866576547105911 test_score: 0.5133957461031289
epoch [89] train_loss: 0.000039 testing_loss: 0.000260 
test_acc: 0.6458942139099941 train_acc: 0.9874409893267652 test_score: 0.502039589328803
epoch [90] train_loss: 0.000036 testing_loss: 0.000260 
test_acc: 0.6376388077147866 train_acc: 0.9866664742405582 test_score: 0.494064061956309
epoch [91] train_loss: 0.000038 testing_loss: 0.000260 
test_acc: 0.6334015195791934 train_acc: 0.9876991610221675 test_score: 0.5043915941245827
epoch [92] train_loss: 0.000035 testing_loss: 0.000261 
test_acc: 0.6422413793103449 train_acc: 0.9865221546592776 test_score: 0.5150175908865497
epoch [93] train_loss: 0.000038 testing_loss: 0.000260 
test_acc: 0.6411455289304501 train_acc: 0.9879124332922825 test_score: 0.49847667385637995
epoch [94] train_loss: 0.000036 testing_loss: 0.000260 
test_acc: 0.6374196376388077 train_acc: 0.987954927391215 test_score: 0.5143024723477445
epoch [95] train_loss: 0.000034 testing_loss: 0.000261 
test_acc: 0.6469170075978959 train_acc: 0.9880359067118227 test_score: 0.5199225283154538
epoch [96] train_loss: 0.000034 testing_loss: 0.000260 
test_acc: 0.6351548801870252 train_acc: 0.9879244599240558 test_score: 0.5135925547572018
epoch [97] train_loss: 0.000034 testing_loss: 0.000261 
test_acc: 0.6392460549386324 train_acc: 0.9884456139675697 test_score: 0.49978635246586856
epoch [98] train_loss: 0.000033 testing_loss: 0.000261 
test_acc: 0.6425336060783168 train_acc: 0.9893572326559934 test_score: 0.5066899997868154
epoch [99] train_loss: 0.000031 testing_loss: 0.000260 
test_acc: 0.6340590298071304 train_acc: 0.9898639547413792 test_score: 0.5006552644675433
epoch [100] train_loss: 0.000029 testing_loss: 0.000261 
fold 2, test_loss 0.000261, test_acc 0.545288, train_loss 0.000029, train_acc 0.989864
test_acc: 0.6386438332468432 train_acc: 0.6053726147538937 test_score: 0.20834158149970583
epoch [1] train_loss: 0.001763 testing_loss: 0.000315 
test_acc: 0.662774606469469 train_acc: 0.7552767135083865 test_score: 0.28681534720329
epoch [2] train_loss: 0.000792 testing_loss: 0.000312 
test_acc: 0.6766995329527763 train_acc: 0.7945349940095846 test_score: 0.34855122760498497
epoch [3] train_loss: 0.000629 testing_loss: 0.000309 
test_acc: 0.6793807299775125 train_acc: 0.8206595358884119 test_score: 0.42296055621339784
epoch [4] train_loss: 0.000529 testing_loss: 0.000309 
test_acc: 0.6964193046185781 train_acc: 0.8397376697284344 test_score: 0.45776858152628846
epoch [5] train_loss: 0.000461 testing_loss: 0.000307 
test_acc: 0.7086144265697976 train_acc: 0.85320394920211 test_score: 0.4671529184954462
epoch [6] train_loss: 0.000414 testing_loss: 0.000305 
test_acc: 0.7023006400276769 train_acc: 0.8697539015699881 test_score: 0.5043166836554219
epoch [7] train_loss: 0.000370 testing_loss: 0.000305 
test_acc: 0.7099982701954679 train_acc: 0.8803794137712994 test_score: 0.5120776615050469
epoch [8] train_loss: 0.000335 testing_loss: 0.000305 
test_acc: 0.7103442311018855 train_acc: 0.8911197162664736 test_score: 0.49154538103012885
epoch [9] train_loss: 0.000306 testing_loss: 0.000304 
test_acc: 0.7106901920083031 train_acc: 0.8993648573740348 test_score: 0.5058033725797435
epoch [10] train_loss: 0.000280 testing_loss: 0.000304 
test_acc: 0.7141498010724788 train_acc: 0.9033673076203076 test_score: 0.5118473716388481
epoch [11] train_loss: 0.000269 testing_loss: 0.000304 
test_acc: 0.7233177650925445 train_acc: 0.913597098808573 test_score: 0.5469313329231746
epoch [12] train_loss: 0.000240 testing_loss: 0.000303 
test_acc: 0.7213284898806435 train_acc: 0.9192196132022098 test_score: 0.5322185202621392
epoch [13] train_loss: 0.000221 testing_loss: 0.000303 
test_acc: 0.725825981664072 train_acc: 0.9220514754517771 test_score: 0.53387450892024
epoch [14] train_loss: 0.000213 testing_loss: 0.000302 
test_acc: 0.7297180418612697 train_acc: 0.9289852382022098 test_score: 0.5456672553465057
epoch [15] train_loss: 0.000195 testing_loss: 0.000302 
test_acc: 0.7209825289742259 train_acc: 0.9314154644235889 test_score: 0.5367673687800565
epoch [16] train_loss: 0.000188 testing_loss: 0.000302 
test_acc: 0.7260854523438851 train_acc: 0.9378427458774294 test_score: 0.5498491729695599
epoch [17] train_loss: 0.000172 testing_loss: 0.000302 
test_acc: 0.7298045320878741 train_acc: 0.9400436515117478 test_score: 0.549253078562115
epoch [18] train_loss: 0.000166 testing_loss: 0.000302 
test_acc: 0.7332641411520499 train_acc: 0.9443973626572485 test_score: 0.5884541006593469
epoch [19] train_loss: 0.000157 testing_loss: 0.000301 
test_acc: 0.7289396298218301 train_acc: 0.9476322259384985 test_score: 0.5489782312173541
epoch [20] train_loss: 0.000146 testing_loss: 0.000302 
test_acc: 0.7219339214668743 train_acc: 0.9492301900292865 test_score: 0.5578922150749339
epoch [21] train_loss: 0.000140 testing_loss: 0.000302 
test_acc: 0.716398546964193 train_acc: 0.9522838328466121 test_score: 0.5560622726247766
epoch [22] train_loss: 0.000134 testing_loss: 0.000302 
test_acc: 0.7285936689154126 train_acc: 0.9535248810236955 test_score: 0.5570239500865121
epoch [23] train_loss: 0.000129 testing_loss: 0.000301 
test_acc: 0.7263449230236984 train_acc: 0.9559921573399227 test_score: 0.5326450490066824
epoch [24] train_loss: 0.000123 testing_loss: 0.000301 
test_acc: 0.7235772357723578 train_acc: 0.9577918169470513 test_score: 0.5210216823835204
epoch [25] train_loss: 0.000116 testing_loss: 0.000302 
test_acc: 0.7334371216052586 train_acc: 0.9592530206877329 test_score: 0.5378753422888122
epoch [26] train_loss: 0.000113 testing_loss: 0.000301 
test_acc: 0.7241826673585885 train_acc: 0.9611358155076877 test_score: 0.535982856957775
epoch [27] train_loss: 0.000108 testing_loss: 0.000302 
test_acc: 0.7352534163639509 train_acc: 0.9605456789969383 test_score: 0.5763414625470175
epoch [28] train_loss: 0.000107 testing_loss: 0.000301 
test_acc: 0.735945338176786 train_acc: 0.9633958712934305 test_score: 0.5444600136694449
epoch [29] train_loss: 0.000103 testing_loss: 0.000300 
test_acc: 0.7364642795364124 train_acc: 0.9641448682108625 test_score: 0.5462892630399196
epoch [30] train_loss: 0.000100 testing_loss: 0.000300 
test_acc: 0.7283341982355994 train_acc: 0.9674962767904686 test_score: 0.542164856305161
epoch [31] train_loss: 0.000091 testing_loss: 0.000301 
test_acc: 0.7309289050337312 train_acc: 0.9696990674296125 test_score: 0.5563364059392499
epoch [32] train_loss: 0.000087 testing_loss: 0.000301 
test_acc: 0.7274692959695555 train_acc: 0.9689944006256656 test_score: 0.5471158240737122
epoch [33] train_loss: 0.000086 testing_loss: 0.000301 
test_acc: 0.7207230582944127 train_acc: 0.968398869101105 test_score: 0.5584665829671523
epoch [34] train_loss: 0.000086 testing_loss: 0.000302 
test_acc: 0.7300640027676872 train_acc: 0.9693087414303782 test_score: 0.5502505390438315
epoch [35] train_loss: 0.000088 testing_loss: 0.000301 
test_acc: 0.7284206884622038 train_acc: 0.9706904499675519 test_score: 0.5484174123474359
epoch [36] train_loss: 0.000082 testing_loss: 0.000301 
test_acc: 0.7237502162255665 train_acc: 0.9718390679080139 test_score: 0.561453621381681
epoch [37] train_loss: 0.000077 testing_loss: 0.000301 
test_acc: 0.7251340598512368 train_acc: 0.9726675600289537 test_score: 0.5742689541857596
epoch [38] train_loss: 0.000076 testing_loss: 0.000301 
test_acc: 0.7325722193392147 train_acc: 0.9738623930877264 test_score: 0.5755693156706193
epoch [39] train_loss: 0.000074 testing_loss: 0.000301 
test_acc: 0.7375886524822695 train_acc: 0.9741324037789537 test_score: 0.5588809983674088
epoch [40] train_loss: 0.000075 testing_loss: 0.000300 
test_acc: 0.7268638643833247 train_acc: 0.9751718864400293 test_score: 0.5649861550850805
epoch [41] train_loss: 0.000070 testing_loss: 0.000301 
test_acc: 0.7361183186299948 train_acc: 0.9754548321643703 test_score: 0.563074080144841
epoch [42] train_loss: 0.000070 testing_loss: 0.000300 
test_acc: 0.7348209652309289 train_acc: 0.9737901779028554 test_score: 0.5457779892297123
epoch [43] train_loss: 0.000074 testing_loss: 0.000301 
test_acc: 0.7371562013492475 train_acc: 0.9753364018611888 test_score: 0.547796124780409
epoch [44] train_loss: 0.000069 testing_loss: 0.000300 
test_acc: 0.7300640027676872 train_acc: 0.9755583124292798 test_score: 0.5619013238142843
epoch [45] train_loss: 0.000067 testing_loss: 0.000301 
test_acc: 0.7360318284033904 train_acc: 0.9782217592477037 test_score: 0.547296670201094
epoch [46] train_loss: 0.000061 testing_loss: 0.000300 
test_acc: 0.7279882373291818 train_acc: 0.9768124256398097 test_score: 0.5614723770171227
epoch [47] train_loss: 0.000063 testing_loss: 0.000301 
test_acc: 0.7355993772703684 train_acc: 0.9776853778745673 test_score: 0.5814700759842895
epoch [48] train_loss: 0.000065 testing_loss: 0.000300 
test_acc: 0.73681024044283 train_acc: 0.9783864046691959 test_score: 0.5576407367454546
epoch [49] train_loss: 0.000060 testing_loss: 0.000300 
test_acc: 0.737242691575852 train_acc: 0.9802469694322418 test_score: 0.5509911914037308
epoch [50] train_loss: 0.000058 testing_loss: 0.000300 
test_acc: 0.7364642795364124 train_acc: 0.979091071473143 test_score: 0.5576458644886237
epoch [51] train_loss: 0.000058 testing_loss: 0.000300 
test_acc: 0.7304099636741048 train_acc: 0.9792500618801584 test_score: 0.5805563967136679
epoch [52] train_loss: 0.000057 testing_loss: 0.000301 
test_acc: 0.7407887908666321 train_acc: 0.9778314332484691 test_score: 0.5774939917811125
epoch [53] train_loss: 0.000062 testing_loss: 0.000300 
test_acc: 0.7419996540390936 train_acc: 0.9792204218042798 test_score: 0.5899078122666848
epoch [54] train_loss: 0.000059 testing_loss: 0.000300 
test_acc: 0.744940321743643 train_acc: 0.9792371268470448 test_score: 0.5632141293760804
epoch [55] train_loss: 0.000058 testing_loss: 0.000299 
test_acc: 0.7426050856253243 train_acc: 0.9800933740390375 test_score: 0.5876486380590462
epoch [56] train_loss: 0.000056 testing_loss: 0.000300 
test_acc: 0.7478809894481924 train_acc: 0.9798862835088857 test_score: 0.5848808052247612
epoch [57] train_loss: 0.000056 testing_loss: 0.000299 
test_acc: 0.744075419477599 train_acc: 0.9791095315204007 test_score: 0.5682368274555057
epoch [58] train_loss: 0.000057 testing_loss: 0.000300 
test_acc: 0.7413077322262585 train_acc: 0.9812382219698482 test_score: 0.5808263487569142
epoch [59] train_loss: 0.000053 testing_loss: 0.000300 
test_acc: 0.7399238886005881 train_acc: 0.9813252571926584 test_score: 0.5816238336268973
epoch [60] train_loss: 0.000053 testing_loss: 0.000300 
test_acc: 0.7397509081473793 train_acc: 0.982283229645068 test_score: 0.594638565017344
epoch [61] train_loss: 0.000051 testing_loss: 0.000300 
test_acc: 0.73681024044283 train_acc: 0.9825533703366282 test_score: 0.5513327531078548
epoch [62] train_loss: 0.000050 testing_loss: 0.000300 
test_acc: 0.7400103788271926 train_acc: 0.9832987272447418 test_score: 0.5741878998734287
epoch [63] train_loss: 0.000048 testing_loss: 0.000300 
test_acc: 0.741653693132676 train_acc: 0.9844435751755524 test_score: 0.5683908820574632
epoch [64] train_loss: 0.000044 testing_loss: 0.000300 
test_acc: 0.7397509081473793 train_acc: 0.9835446228742346 test_score: 0.562509017882975
epoch [65] train_loss: 0.000048 testing_loss: 0.000300 
test_acc: 0.7369832208960387 train_acc: 0.9840570191859691 test_score: 0.5436238612113815
epoch [66] train_loss: 0.000047 testing_loss: 0.000300 
test_acc: 0.7375886524822695 train_acc: 0.9840218540959466 test_score: 0.5644921245712903
epoch [67] train_loss: 0.000047 testing_loss: 0.000300 
test_acc: 0.7349939456841377 train_acc: 0.9844658052324614 test_score: 0.5617445244910787
epoch [68] train_loss: 0.000045 testing_loss: 0.000300 
test_acc: 0.737242691575852 train_acc: 0.9839127188165602 test_score: 0.5506654135814684
epoch [69] train_loss: 0.000044 testing_loss: 0.000300 
test_acc: 0.7436429683445771 train_acc: 0.9853146424054846 test_score: 0.5679074220417653
epoch [70] train_loss: 0.000042 testing_loss: 0.000299 
test_acc: 0.746497145822522 train_acc: 0.9835206378128328 test_score: 0.565391638570776
epoch [71] train_loss: 0.000047 testing_loss: 0.000299 
test_acc: 0.7354263968171597 train_acc: 0.9832413320978102 test_score: 0.5506320783300221
epoch [72] train_loss: 0.000047 testing_loss: 0.000300 
test_acc: 0.7433834976647639 train_acc: 0.9836352981063632 test_score: 0.5702396496679383
epoch [73] train_loss: 0.000046 testing_loss: 0.000299 
test_acc: 0.7424321051721156 train_acc: 0.9847635709947418 test_score: 0.5689517541658953
epoch [74] train_loss: 0.000045 testing_loss: 0.000300 
test_acc: 0.7442483999308078 train_acc: 0.9846044505873935 test_score: 0.563211608906377
epoch [75] train_loss: 0.000043 testing_loss: 0.000299 
test_acc: 0.7301504929942917 train_acc: 0.9844546252038405 test_score: 0.5504456796396395
epoch [76] train_loss: 0.000043 testing_loss: 0.000300 
test_acc: 0.7380211036152915 train_acc: 0.9849318564255524 test_score: 0.5460759189910329
epoch [77] train_loss: 0.000043 testing_loss: 0.000300 
test_acc: 0.7343020238713025 train_acc: 0.9847598009850905 test_score: 0.5615165345498366
epoch [78] train_loss: 0.000045 testing_loss: 0.000300 
test_acc: 0.7384535547483134 train_acc: 0.9856975583857496 test_score: 0.5601549454143977
epoch [79] train_loss: 0.000042 testing_loss: 0.000300 
test_acc: 0.7409617713198409 train_acc: 0.9845711705021966 test_score: 0.55438461338659
epoch [80] train_loss: 0.000043 testing_loss: 0.000300 
test_acc: 0.7404428299602145 train_acc: 0.9857289534661208 test_score: 0.5686673302558906
epoch [81] train_loss: 0.000041 testing_loss: 0.000300 
test_acc: 0.7409617713198409 train_acc: 0.9857197884426584 test_score: 0.5694620812282983
epoch [82] train_loss: 0.000040 testing_loss: 0.000300 
test_acc: 0.7418266735858848 train_acc: 0.9849928915818024 test_score: 0.5677941047458015
epoch [83] train_loss: 0.000044 testing_loss: 0.000300 
test_acc: 0.7358588479501816 train_acc: 0.9844583952134918 test_score: 0.5669354901600695
epoch [84] train_loss: 0.000044 testing_loss: 0.000300 
test_acc: 0.741221241999654 train_acc: 0.9866629408571286 test_score: 0.5760284519929698
epoch [85] train_loss: 0.000038 testing_loss: 0.000300 
test_acc: 0.7369832208960387 train_acc: 0.9860378992570221 test_score: 0.5691007102846672
epoch [86] train_loss: 0.000039 testing_loss: 0.000300 
test_acc: 0.7329181802456323 train_acc: 0.9862061846878328 test_score: 0.5670086000016764
epoch [87] train_loss: 0.000039 testing_loss: 0.000300 
test_acc: 0.7394914374675662 train_acc: 0.9864355052748935 test_score: 0.5690538315859264
epoch [88] train_loss: 0.000037 testing_loss: 0.000300 
test_acc: 0.7400968690537969 train_acc: 0.9855163379218251 test_score: 0.586993753897024
epoch [89] train_loss: 0.000042 testing_loss: 0.000300 
test_acc: 0.7384535547483134 train_acc: 0.9867313860323482 test_score: 0.5722525758895103
epoch [90] train_loss: 0.000037 testing_loss: 0.000300 
test_acc: 0.7296315516346653 train_acc: 0.9864244552466054 test_score: 0.5634517250077149
epoch [91] train_loss: 0.000038 testing_loss: 0.000301 
test_acc: 0.7315343366199619 train_acc: 0.9863153199672191 test_score: 0.5554713571113686
epoch [92] train_loss: 0.000041 testing_loss: 0.000300 
test_acc: 0.7463241653693132 train_acc: 0.9861451495315828 test_score: 0.5789354433940056
epoch [93] train_loss: 0.000039 testing_loss: 0.000299 
test_acc: 0.735512887043764 train_acc: 0.9870403318232496 test_score: 0.5618808074532918
epoch [94] train_loss: 0.000038 testing_loss: 0.000300 
test_acc: 0.738799515654731 train_acc: 0.9865446405542798 test_score: 0.5703125883977513
epoch [95] train_loss: 0.000039 testing_loss: 0.000300 
test_acc: 0.7443348901574122 train_acc: 0.9871734521640375 test_score: 0.5720043753069293
epoch [96] train_loss: 0.000036 testing_loss: 0.000299 
test_acc: 0.7439889292509947 train_acc: 0.9872234372919996 test_score: 0.566219677689997
epoch [97] train_loss: 0.000036 testing_loss: 0.000299 
test_acc: 0.742086144265698 train_acc: 0.987227077301318 test_score: 0.5622760833059255
epoch [98] train_loss: 0.000037 testing_loss: 0.000300 
test_acc: 0.7463241653693132 train_acc: 0.9877098335371738 test_score: 0.5829965361682697
epoch [99] train_loss: 0.000034 testing_loss: 0.000299 
test_acc: 0.7340425531914894 train_acc: 0.9870587918705072 test_score: 0.5423808915221825
epoch [100] train_loss: 0.000037 testing_loss: 0.000300 
fold 3, test_loss 0.000300, test_acc 0.594639, train_loss 0.000037, train_acc 0.987059
test_acc: 0.5865715691096901 train_acc: 0.5862771739130435 test_score: 0.19374287050204905
epoch [1] train_loss: 0.001825 testing_loss: 0.000303 
test_acc: 0.5985407443843253 train_acc: 0.736420120018116 test_score: 0.28373346626045526
epoch [2] train_loss: 0.000835 testing_loss: 0.000300 
test_acc: 0.6118216101000163 train_acc: 0.7760034533514493 test_score: 0.3457560882078603
epoch [3] train_loss: 0.000659 testing_loss: 0.000298 
test_acc: 0.6356779799967208 train_acc: 0.8073270493659421 test_score: 0.3771338360534143
epoch [4] train_loss: 0.000554 testing_loss: 0.000296 
test_acc: 0.6250204951631415 train_acc: 0.8276862545289856 test_score: 0.383775267800172
epoch [5] train_loss: 0.000484 testing_loss: 0.000296 
test_acc: 0.647647155271356 train_acc: 0.8441816689311594 test_score: 0.4056915427566291
epoch [6] train_loss: 0.000434 testing_loss: 0.000294 
test_acc: 0.6575668142318413 train_acc: 0.8614923007246376 test_score: 0.4183681485557146
epoch [7] train_loss: 0.000389 testing_loss: 0.000293 
test_acc: 0.6519921298573537 train_acc: 0.8720929574275362 test_score: 0.44739304497216836
epoch [8] train_loss: 0.000350 testing_loss: 0.000293 
test_acc: 0.6512543039842598 train_acc: 0.8802734375 test_score: 0.4498206125696496
epoch [9] train_loss: 0.000322 testing_loss: 0.000293 
test_acc: 0.6583866207575012 train_acc: 0.8925554800724638 test_score: 0.4594857193785203
epoch [10] train_loss: 0.000294 testing_loss: 0.000293 
test_acc: 0.6590424659780292 train_acc: 0.9026084125905797 test_score: 0.4749986662516479
epoch [11] train_loss: 0.000267 testing_loss: 0.000292 
test_acc: 0.6591244466305952 train_acc: 0.9088569972826087 test_score: 0.4514906193776597
epoch [12] train_loss: 0.000250 testing_loss: 0.000292 
test_acc: 0.6590424659780292 train_acc: 0.917091259057971 test_score: 0.46145802759148785
epoch [13] train_loss: 0.000232 testing_loss: 0.000292 
test_acc: 0.6788817838989999 train_acc: 0.9202728713768116 test_score: 0.47257216127355484
epoch [14] train_loss: 0.000219 testing_loss: 0.000291 
test_acc: 0.6567470077061813 train_acc: 0.9238649230072463 test_score: 0.48202062221830644
epoch [15] train_loss: 0.000206 testing_loss: 0.000292 
test_acc: 0.6643712083948188 train_acc: 0.9274244225543479 test_score: 0.4699809692861256
epoch [16] train_loss: 0.000199 testing_loss: 0.000292 
test_acc: 0.6592884079357272 train_acc: 0.9346948596014493 test_score: 0.46919621781203674
epoch [17] train_loss: 0.000180 testing_loss: 0.000292 
test_acc: 0.6746187899655681 train_acc: 0.9386888586956522 test_score: 0.4645325620634801
epoch [18] train_loss: 0.000169 testing_loss: 0.000291 
test_acc: 0.6663387440564027 train_acc: 0.9420742753623188 test_score: 0.4621812871174063
epoch [19] train_loss: 0.000157 testing_loss: 0.000291 
test_acc: 0.6706837186424004 train_acc: 0.9436990489130435 test_score: 0.4837720749178729
epoch [20] train_loss: 0.000156 testing_loss: 0.000291 
test_acc: 0.6795376291195278 train_acc: 0.9476166213768116 test_score: 0.4793118913917247
epoch [21] train_loss: 0.000147 testing_loss: 0.000290 
test_acc: 0.6737170027873421 train_acc: 0.9502250339673913 test_score: 0.46683179530855207
epoch [22] train_loss: 0.000135 testing_loss: 0.000290 
test_acc: 0.6637973438268568 train_acc: 0.9549592391304348 test_score: 0.4666411529536287
epoch [23] train_loss: 0.000126 testing_loss: 0.000291 
test_acc: 0.6744548286604362 train_acc: 0.9555819746376811 test_score: 0.47250444173029044
epoch [24] train_loss: 0.000123 testing_loss: 0.000290 
test_acc: 0.6812592228234137 train_acc: 0.9560660099637681 test_score: 0.4661465442648022
epoch [25] train_loss: 0.000120 testing_loss: 0.000290 
test_acc: 0.6706017379898344 train_acc: 0.95556640625 test_score: 0.4732793144588384
epoch [26] train_loss: 0.000120 testing_loss: 0.000290 
test_acc: 0.6714215445154943 train_acc: 0.9586390398550724 test_score: 0.47089064786565243
epoch [27] train_loss: 0.000116 testing_loss: 0.000290 
test_acc: 0.6736350221347762 train_acc: 0.960745018115942 test_score: 0.47727951803962954
epoch [28] train_loss: 0.000104 testing_loss: 0.000290 
test_acc: 0.6806853582554517 train_acc: 0.962607563405797 test_score: 0.4719132115767534
epoch [29] train_loss: 0.000104 testing_loss: 0.000289 
test_acc: 0.6784718806361698 train_acc: 0.9651409646739131 test_score: 0.4620305773599697
epoch [30] train_loss: 0.000097 testing_loss: 0.000289 
test_acc: 0.6728152156091163 train_acc: 0.965833050271739 test_score: 0.46699503097659784
epoch [31] train_loss: 0.000093 testing_loss: 0.000290 
test_acc: 0.6829808165272996 train_acc: 0.9665237205615942 test_score: 0.4727253455851856
epoch [32] train_loss: 0.000093 testing_loss: 0.000289 
test_acc: 0.6737989834399082 train_acc: 0.9659434442934783 test_score: 0.48025107983934057
epoch [33] train_loss: 0.000091 testing_loss: 0.000290 
test_acc: 0.6748647319232661 train_acc: 0.9679843183876812 test_score: 0.46233956432702406
epoch [34] train_loss: 0.000088 testing_loss: 0.000290 
test_acc: 0.677816035415642 train_acc: 0.9699402740036231 test_score: 0.4849576593970192
epoch [35] train_loss: 0.000084 testing_loss: 0.000290 
test_acc: 0.6824889326119036 train_acc: 0.9694633152173913 test_score: 0.47936621203002616
epoch [36] train_loss: 0.000083 testing_loss: 0.000289 
test_acc: 0.67560255779636 train_acc: 0.9693203691123189 test_score: 0.46464985317586777
epoch [37] train_loss: 0.000086 testing_loss: 0.000290 
test_acc: 0.6796196097720938 train_acc: 0.9719429347826087 test_score: 0.48339493080116036
epoch [38] train_loss: 0.000077 testing_loss: 0.000289 
test_acc: 0.6768322675848499 train_acc: 0.9709253283514493 test_score: 0.4714500473963627
epoch [39] train_loss: 0.000079 testing_loss: 0.000289 
test_acc: 0.67601246105919 train_acc: 0.9724213088768117 test_score: 0.4654791791579382
epoch [40] train_loss: 0.000076 testing_loss: 0.000290 
test_acc: 0.6860141006722413 train_acc: 0.973444576539855 test_score: 0.48179331750934756
epoch [41] train_loss: 0.000073 testing_loss: 0.000289 
test_acc: 0.6806033776028857 train_acc: 0.975383548460145 test_score: 0.4841281965384506
epoch [42] train_loss: 0.000071 testing_loss: 0.000289 
test_acc: 0.6816691260862436 train_acc: 0.9752349411231884 test_score: 0.47391920480045036
epoch [43] train_loss: 0.000069 testing_loss: 0.000289 
test_acc: 0.6806853582554517 train_acc: 0.9751811594202898 test_score: 0.4717146726173391
epoch [44] train_loss: 0.000071 testing_loss: 0.000289 
test_acc: 0.676340383669454 train_acc: 0.9742923460144928 test_score: 0.4810336277711631
epoch [45] train_loss: 0.000073 testing_loss: 0.000289 
test_acc: 0.6810952615182817 train_acc: 0.9743390511775363 test_score: 0.4720734822080142
epoch [46] train_loss: 0.000071 testing_loss: 0.000289 
test_acc: 0.675848499754058 train_acc: 0.9756609488224638 test_score: 0.45803911571044426
epoch [47] train_loss: 0.000067 testing_loss: 0.000289 
test_acc: 0.6735530414822102 train_acc: 0.9774654664855073 test_score: 0.4615617665780053
epoch [48] train_loss: 0.000063 testing_loss: 0.000290 
test_acc: 0.6822429906542056 train_acc: 0.9776239809782609 test_score: 0.46180209058355937
epoch [49] train_loss: 0.000063 testing_loss: 0.000289 
test_acc: 0.6875717330709953 train_acc: 0.9776197350543478 test_score: 0.46493301905938117
epoch [50] train_loss: 0.000062 testing_loss: 0.000289 
test_acc: 0.691178881783899 train_acc: 0.9781603826992754 test_score: 0.4669945445230013
epoch [51] train_loss: 0.000060 testing_loss: 0.000288 
test_acc: 0.6800295130349238 train_acc: 0.9786628170289855 test_score: 0.4824219097627424
epoch [52] train_loss: 0.000058 testing_loss: 0.000289 
test_acc: 0.6804394162977537 train_acc: 0.9792558310688406 test_score: 0.46085869440773325
epoch [53] train_loss: 0.000055 testing_loss: 0.000289 
test_acc: 0.6869158878504673 train_acc: 0.980073879076087 test_score: 0.4756384727336077
epoch [54] train_loss: 0.000056 testing_loss: 0.000289 
test_acc: 0.6751106738809641 train_acc: 0.9796167346014493 test_score: 0.4798388074346349
epoch [55] train_loss: 0.000059 testing_loss: 0.000289 
test_acc: 0.6869158878504673 train_acc: 0.9804829030797101 test_score: 0.48263202339377853
epoch [56] train_loss: 0.000053 testing_loss: 0.000288 
test_acc: 0.6822429906542056 train_acc: 0.9782750226449275 test_score: 0.4763233821377742
epoch [57] train_loss: 0.000059 testing_loss: 0.000289 
test_acc: 0.6861780619773733 train_acc: 0.9813504868659421 test_score: 0.46666407867448384
epoch [58] train_loss: 0.000051 testing_loss: 0.000289 
test_acc: 0.6962616822429907 train_acc: 0.980961277173913 test_score: 0.485644989293208
epoch [59] train_loss: 0.000053 testing_loss: 0.000288 
test_acc: 0.6796196097720938 train_acc: 0.9807787024456521 test_score: 0.4893002357989116
epoch [60] train_loss: 0.000055 testing_loss: 0.000289 
test_acc: 0.6819970486965077 train_acc: 0.9810391191123189 test_score: 0.4869231979468414
epoch [61] train_loss: 0.000053 testing_loss: 0.000289 
test_acc: 0.6860960813248074 train_acc: 0.9825350996376813 test_score: 0.4761060847428554
epoch [62] train_loss: 0.000050 testing_loss: 0.000289 
test_acc: 0.6906869978685031 train_acc: 0.9822039175724637 test_score: 0.49252384516064684
epoch [63] train_loss: 0.000049 testing_loss: 0.000288 
test_acc: 0.6873257911132973 train_acc: 0.9814849411231884 test_score: 0.4909678686587579
epoch [64] train_loss: 0.000051 testing_loss: 0.000288 
test_acc: 0.6832267584849976 train_acc: 0.9817991394927535 test_score: 0.4717798786823987
epoch [65] train_loss: 0.000049 testing_loss: 0.000289 
test_acc: 0.6819150680439416 train_acc: 0.9818642436594203 test_score: 0.4636054555538783
epoch [66] train_loss: 0.000051 testing_loss: 0.000289 
test_acc: 0.6814231841285456 train_acc: 0.9833715466485506 test_score: 0.47379042349422884
epoch [67] train_loss: 0.000047 testing_loss: 0.000289 
test_acc: 0.6772421708476799 train_acc: 0.982624264039855 test_score: 0.4584031321445834
epoch [68] train_loss: 0.000051 testing_loss: 0.000289 
test_acc: 0.6843744876209215 train_acc: 0.9833573935688406 test_score: 0.4783589061695906
epoch [69] train_loss: 0.000046 testing_loss: 0.000289 
test_acc: 0.6806033776028857 train_acc: 0.9827898550724639 test_score: 0.47474678587809466
epoch [70] train_loss: 0.000049 testing_loss: 0.000289 
test_acc: 0.6843744876209215 train_acc: 0.9839730525362319 test_score: 0.4819044451418385
epoch [71] train_loss: 0.000046 testing_loss: 0.000289 
test_acc: 0.6819150680439416 train_acc: 0.9839037024456523 test_score: 0.47398718018215685
epoch [72] train_loss: 0.000046 testing_loss: 0.000289 
test_acc: 0.6862600426299393 train_acc: 0.9842391304347826 test_score: 0.469112049064618
epoch [73] train_loss: 0.000044 testing_loss: 0.000289 
test_acc: 0.6826528939170355 train_acc: 0.9841259057971016 test_score: 0.4826687079228002
epoch [74] train_loss: 0.000047 testing_loss: 0.000289 
test_acc: 0.6789637645515658 train_acc: 0.9835300611413043 test_score: 0.4789118059734959
epoch [75] train_loss: 0.000045 testing_loss: 0.000289 
test_acc: 0.6776520741105099 train_acc: 0.9838626585144928 test_score: 0.4712370464573821
epoch [76] train_loss: 0.000045 testing_loss: 0.000289 
test_acc: 0.6809313002131497 train_acc: 0.9847981770833334 test_score: 0.4812801749966675
epoch [77] train_loss: 0.000043 testing_loss: 0.000289 
test_acc: 0.6833907197901296 train_acc: 0.9838598278985506 test_score: 0.4674733655336019
epoch [78] train_loss: 0.000046 testing_loss: 0.000289 
test_acc: 0.6839645843580915 train_acc: 0.9833687160326087 test_score: 0.4708092616944605
epoch [79] train_loss: 0.000046 testing_loss: 0.000289 
test_acc: 0.6826528939170355 train_acc: 0.9838428442028986 test_score: 0.4791956466824081
epoch [80] train_loss: 0.000045 testing_loss: 0.000289 
test_acc: 0.6783898999836039 train_acc: 0.9840876924818841 test_score: 0.47141255707712054
epoch [81] train_loss: 0.000043 testing_loss: 0.000289 
test_acc: 0.6802754549926218 train_acc: 0.9858851336050725 test_score: 0.46975651983324046
epoch [82] train_loss: 0.000039 testing_loss: 0.000289 
test_acc: 0.6842105263157895 train_acc: 0.9866677989130435 test_score: 0.4885859700291233
epoch [83] train_loss: 0.000038 testing_loss: 0.000289 
test_acc: 0.690605017215937 train_acc: 0.9856671761775363 test_score: 0.4813665704418311
epoch [84] train_loss: 0.000041 testing_loss: 0.000288 
test_acc: 0.6892113461223152 train_acc: 0.9864739017210146 test_score: 0.49895595442442353
epoch [85] train_loss: 0.000038 testing_loss: 0.000288 
test_acc: 0.6853582554517134 train_acc: 0.9856728374094202 test_score: 0.4876079015114932
epoch [86] train_loss: 0.000041 testing_loss: 0.000289 
test_acc: 0.6774881128053779 train_acc: 0.985650192481884 test_score: 0.48657778324163853
epoch [87] train_loss: 0.000041 testing_loss: 0.000289 
test_acc: 0.6842105263157895 train_acc: 0.985835597826087 test_score: 0.47919512519546964
epoch [88] train_loss: 0.000041 testing_loss: 0.000289 
test_acc: 0.6811772421708476 train_acc: 0.9866083559782608 test_score: 0.48390054303575714
epoch [89] train_loss: 0.000038 testing_loss: 0.000289 
test_acc: 0.6864240039350713 train_acc: 0.9875792572463769 test_score: 0.49141461211011556
epoch [90] train_loss: 0.000036 testing_loss: 0.000289 
test_acc: 0.6787178225938678 train_acc: 0.9865616508152174 test_score: 0.473040983208989
epoch [91] train_loss: 0.000038 testing_loss: 0.000289 
test_acc: 0.6880636169863912 train_acc: 0.9866522305253624 test_score: 0.4786121898292814
epoch [92] train_loss: 0.000038 testing_loss: 0.000288 
test_acc: 0.692162649614691 train_acc: 0.9875452898550725 test_score: 0.47068225387788926
epoch [93] train_loss: 0.000037 testing_loss: 0.000288 
test_acc: 0.6791277258566978 train_acc: 0.987008888134058 test_score: 0.4622722484671026
epoch [94] train_loss: 0.000037 testing_loss: 0.000289 
test_acc: 0.6817511067388097 train_acc: 0.9872961956521739 test_score: 0.46836721131777004
epoch [95] train_loss: 0.000037 testing_loss: 0.000289 
test_acc: 0.6869158878504673 train_acc: 0.9866210937500001 test_score: 0.4806105894695365
epoch [96] train_loss: 0.000039 testing_loss: 0.000288 
test_acc: 0.6807673389080177 train_acc: 0.9863507699275362 test_score: 0.46796860061195716
epoch [97] train_loss: 0.000038 testing_loss: 0.000289 
test_acc: 0.67560255779636 train_acc: 0.9849892436594203 test_score: 0.46899050098629197
epoch [98] train_loss: 0.000044 testing_loss: 0.000289 
test_acc: 0.6787998032464339 train_acc: 0.9863550158514494 test_score: 0.4725803899986079
epoch [99] train_loss: 0.000037 testing_loss: 0.000289 
test_acc: 0.6802754549926218 train_acc: 0.9880307404891304 test_score: 0.4687811829913776
epoch [100] train_loss: 0.000035 testing_loss: 0.000289 
fold 4, test_loss 0.000289, test_acc 0.498956, train_loss 0.000035, train_acc 0.988031
5-fold validation: avg train acc  0.988276, avg test acc 0.547577
